[33mWARNING[0m:  [27-09-2024 13:18:09] chroma_server_nofile is set to 65535, but this is less than current soft limit of 1048575. chroma_server_nofile will not be set.
[32mINFO[0m:     [27-09-2024 13:18:10] Anonymized telemetry enabled. See                     https://docs.trychroma.com/telemetry for more information.
[36mDEBUG[0m:    [27-09-2024 13:18:10] Starting component System
[36mDEBUG[0m:    [27-09-2024 13:18:10] Starting component OpenTelemetryClient
[36mDEBUG[0m:    [27-09-2024 13:18:10] Starting component SimpleAssignmentPolicy
[36mDEBUG[0m:    [27-09-2024 13:18:10] Starting component SqliteDB
[36mDEBUG[0m:    [27-09-2024 13:18:10] Starting component QuotaEnforcer
[36mDEBUG[0m:    [27-09-2024 13:18:10] Starting component Posthog
[36mDEBUG[0m:    [27-09-2024 13:18:10] Starting component LocalSegmentManager
[36mDEBUG[0m:    [27-09-2024 13:18:10] Starting component SegmentAPI
[32mINFO[0m:     [27-09-2024 13:18:10] Started server process [[36m50037[0m]
[32mINFO[0m:     [27-09-2024 13:18:10] Waiting for application startup.
[32mINFO[0m:     [27-09-2024 13:18:10] Application startup complete.
[32mINFO[0m:     [27-09-2024 13:18:10] Uvicorn running on [1mhttp://localhost:8000[0m (Press CTRL+C to quit)
[32mINFO[0m:     [27-09-2024 13:23:43] ::1:63855 - "GET /api/v1/tenants/default_tenant HTTP/1.1" 200
[32mINFO[0m:     [27-09-2024 13:23:43] ::1:63855 - "GET /api/v1/databases/default_database?tenant=default_tenant HTTP/1.1" 200
[32mINFO[0m:     [27-09-2024 13:23:43] ::1:63856 - "POST /api/v1/collections?tenant=default_tenant&database=default_database HTTP/1.1" 200
[33mWARNING[0m:  [27-09-2024 14:20:51] chroma_server_nofile is set to 65535, but this is less than current soft limit of 1048575. chroma_server_nofile will not be set.
[32mINFO[0m:     [27-09-2024 14:20:51] Anonymized telemetry enabled. See                     https://docs.trychroma.com/telemetry for more information.
[36mDEBUG[0m:    [27-09-2024 14:20:51] Starting component System
[36mDEBUG[0m:    [27-09-2024 14:20:51] Starting component OpenTelemetryClient
[36mDEBUG[0m:    [27-09-2024 14:20:51] Starting component SimpleAssignmentPolicy
[36mDEBUG[0m:    [27-09-2024 14:20:51] Starting component SqliteDB
[36mDEBUG[0m:    [27-09-2024 14:20:51] Starting component QuotaEnforcer
[36mDEBUG[0m:    [27-09-2024 14:20:51] Starting component Posthog
[36mDEBUG[0m:    [27-09-2024 14:20:51] Starting component LocalSegmentManager
[36mDEBUG[0m:    [27-09-2024 14:20:51] Starting component SegmentAPI
[32mINFO[0m:     [27-09-2024 14:20:51] Started server process [[36m53284[0m]
[32mINFO[0m:     [27-09-2024 14:20:51] Waiting for application startup.
[32mINFO[0m:     [27-09-2024 14:20:51] Application startup complete.
[32mINFO[0m:     [27-09-2024 14:20:51] Uvicorn running on [1mhttp://localhost:8000[0m (Press CTRL+C to quit)
